<?xml version="1.0" encoding="UTF-8"?>
<testng-results ignored="0" total="1" passed="1" failed="0" skipped="0">
  <reporter-output>
  </reporter-output>
  <suite started-at="2024-10-08T23:08:14 IST" name="Default suite" finished-at="2024-10-08T23:08:25 IST" duration-ms="10963">
    <groups>
    </groups>
    <test started-at="2024-10-08T23:08:14 IST" name="Default test" finished-at="2024-10-08T23:08:25 IST" duration-ms="10963">
      <class name="com.nest.tests.checkOrder">
        <test-method signature="placeOrder()[pri:0, instance:com.nest.tests.checkOrder@67c33749]" started-at="2024-10-08T23:08:14 IST" name="placeOrder" finished-at="2024-10-08T23:08:25 IST" duration-ms="10911" status="PASS">
          <reporter-output>
          </reporter-output>
        </test-method> <!-- placeOrder -->
      </class> <!-- com.nest.tests.checkOrder -->
    </test> <!-- Default test -->
  </suite> <!-- Default suite -->
</testng-results>
